<?xml version="1.0" encoding="UTF-8"?>
<!-- Generated by org.testng.reporters.JUnitReportReporter -->
<testsuite hostname="P10102398" name="test.NewTest" tests="1" failures="0" timestamp="22 Jan 2016 09:29:19 GMT" time="121.966" errors="0">
  <testcase name="testGoogleSearch" time="121.966" classname="test.NewTest"/>
</testsuite> <!-- test.NewTest -->
