<?xml version="1.0" encoding="UTF-8"?>
<!-- Generated by org.testng.reporters.JUnitReportReporter -->
<testsuite hostname="P10102398" name="example.NewTest" tests="1" failures="0" timestamp="22 Jan 2016 08:18:11 GMT" time="122.877" errors="0">
  <testcase name="testGoogleSearch" time="122.877" classname="example.NewTest"/>
</testsuite> <!-- example.NewTest -->
